<?xml version="1.0" encoding="UTF-8"?>
<testsuite xmlns:xsi="http://www.w3.org/2001/XMLSchema-instance" xsi:noNamespaceSchemaLocation="https://maven.apache.org/surefire/maven-surefire-plugin/xsd/surefire-test-report.xsd" name="test.MedicalEquipmentTest" time="50.603" tests="11" errors="0" skipped="0" failures="0">
  <properties>
[...]
</properties>
  <testcase name="alarmWileWaitingReset" classname="test.MedicalEquipmentTest$LatchingTest" time="9.424"/>
  <testcase name="Latching" classname="test.MedicalEquipmentTest$LatchingTest" time="0.01"/>
  <testcase name="Latching" classname="test.MedicalEquipmentTest$NonLatchingTest" time="0.011"/>
  <testcase name="latchingReset" classname="test.MedicalEquipmentTest$LatchingTest" time="9.027"/>
  <testcase name="deactivateAlarm" classname="test.MedicalEquipmentTest$NonLatchingTest" time="6.02"/>
  <testcase name="testAck" classname="test.MedicalEquipmentTest$NonLatchingTest" time="14.017"/>
  <testcase name="testReset" classname="test.MedicalEquipmentTest$NonLatchingTest" time="0.009"/>
  <testcase name="alarmTriggered" classname="test.MedicalEquipmentTest$NonLatchingTest" time="6.023"/>
  <testcase name="alarmCond" classname="test.MedicalEquipmentTest$NonLatchingTest" time="0.01"/>
  <testcase name="audioSettings" classname="test.MedicalEquipmentTest$NonLatchingTest" time="6.023"/>
  <testcase name="noAlarmCond" classname="test.MedicalEquipmentTest$NonLatchingTest" time="0.009"/>
</testsuite>